
--- Job Convert2db.gms Start 02/16/19 21:35:28 25.1.2 r67455 WEX-WEI x86 64bit/MS Windows
GAMS 25.1.2   Copyright (C) 1987-2018 GAMS Development. All rights reserved
*** License File has expired 1268 days ago
*** More than 30 days since expiration, sorry...
*** System downgraded to demonstration mode
***
*** Contact your distributor or GAMS Development Corp
*** 202-342-0180, -0181 fax, support@gams.com
*** GAMS Base Module 25.1.2 r67455 Released Aug  1, 2018 WEI x86 64bit/MS Windows 
***
*** GAMS Release     : 25.1.2 r67455 WEX-WEI x86 64bit/MS Windows
*** Release Date     : Released Aug  1, 2018
*** To use this release, you must have a valid license file for
*** this platform with maintenance expiration date later than
*** May 19, 2018
*** System Directory : C:\GAMS\win64\25.1\
***
*** License          : G:\My Drive\Side Projects\Cutting stock (APA)\Code\Model\gamslice3.txt
*** EWEPA 2015 Eval License                        S150430/0001AO-GEN
*** The 14th European Workshop on Efficiency and Productivity Analysi
*** DC11746 01ECATBACOCPDEDIGUIPKNLGLDLSM5MBGEMNOQPTSB0SSNSUXAXP     
*** License for teaching and research at degree granting institutions
***
*** Licensed platform                             : Generic popular platforms
*** Evaluation expired
*** Evaluation expiration date (GAMS base module) : Aug 28, 2015
*** Note: For solvers, other expiration dates may apply.
*** Run gamslib model licememo for more details.
--- Starting compilation
--- Convert2db.gms(3) 2 Mb
--- Starting execution: elapsed 0:00:00.033
--- Convert2db.gms(3) 3 Mb
GDX2SQLITE v 0.7
GDX Library      25.1.2 r67455 Released Aug  1, 2018 WEI x86 64bit/MS Windows 
Current directory:G:\My Drive\Side Projects\Cutting stock (APA)\Code\Model

   InputFile:Spliting_model_optimal2.gdx
   OutputFile:Spliting_model_optimal2.db
   Symbols:6
   Uels:7
   Loading Uels
   Processing Symbols
     alpha(49 records)
     beta(49 records)
     gamma(28 records)
     o(49 records)
     y(7 records)
     BQ(7 records)
   Inserts:189
   Elapsed:0.91 seconds
   Inserts/second:207.92
   Done

*** Status: Normal completion
--- Job Convert2db.gms Stop 02/16/19 21:35:29 elapsed 0:00:00.980
