
--- Job P2_IndepModel.gms Start 06/08/19 11:59:42 25.1.2 r67455 WEX-WEI x86 64bit/MS Windows
GAMS 25.1.2   Copyright (C) 1987-2018 GAMS Development. All rights reserved
*** License File has expired 1380 days ago
*** More than 30 days since expiration, sorry...
*** System downgraded to demonstration mode
***
*** Contact your distributor or GAMS Development Corp
*** 202-342-0180, -0181 fax, support@gams.com
*** GAMS Base Module 25.1.2 r67455 Released Aug  1, 2018 WEI x86 64bit/MS Windows 
***
*** GAMS Release     : 25.1.2 r67455 WEX-WEI x86 64bit/MS Windows
*** Release Date     : Released Aug  1, 2018
*** To use this release, you must have a valid license file for
*** this platform with maintenance expiration date later than
*** May 19, 2018
*** System Directory : C:\GAMS\win64\25.1\
***
*** License          : G:\My Drive\Side Projects\Cutting stock (APA)\Code\Model\gamslice3.txt
*** EWEPA 2015 Eval License                        S150430/0001AO-GEN
*** The 14th European Workshop on Efficiency and Productivity Analysi
*** DC11746 01ECATBACOCPDEDIGUIPKNLGLDLSM5MBGEMNOQPTSB0SSNSUXAXP     
*** License for teaching and research at degree granting institutions
***
*** Licensed platform                             : Generic popular platforms
*** Evaluation expired
*** Evaluation expiration date (GAMS base module) : Aug 28, 2015
*** Note: For solvers, other expiration dates may apply.
*** Run gamslib model licememo for more details.
--- Starting compilation
--- P2_IndepModel.gms(6) 2 Mb
--- GDXin=G:\My Drive\1-PhD thesis\my codes\data\Data\Istanbul_20_24_50.gdx
--- P2_IndepModel.gms(121) 4 Mb
--- Starting execution: elapsed 0:00:00.143
--- P2_IndepModel.gms(95) 5 Mb
--- Generating MIP model combination
--- P2_IndepModel.gms(96) 79 Mb
---   22,155 rows  42,558 columns  1,036,263 non-zeroes
---   554 discrete-columns
*** Status: Terminated due to a licensing error
***         Inspect listing file for more information
--- Job P2_IndepModel.gms Stop 06/08/19 11:59:44 elapsed 0:00:01.851
Exit code = 7
