
--- Job Untitled_1.gms Start 02/17/13 14:19:07 26.1.0 rf2b37b9 WEX-WEI x86 64bit/MS Windows
GAMS 26.1.0   Copyright (C) 1987-2019 GAMS Development. All rights reserved
Licensee: EWEPA 2015 Eval License                        S150430/0001AO-GEN
          The 14th European Workshop on Efficiency and Productivity DC11746
          License for teaching and research at degree granting institutions
--- Starting compilation
--- Untitled_1.gms(4) 2 Mb
--- GDXin=G:\My Drive\Side Projects\Cutting stock (APA)\Code\Model\data5.gdx
--- Untitled_1.gms(112) 3 Mb
--- Starting execution: elapsed 0:00:00.054
--- Untitled_1.gms(36) 4 Mb
--- Generating MINLP model spliting
--- Untitled_1.gms(109) 6 Mb
---   577 rows  546 columns  3,450 non-zeroes
---   3,537 nl-code  2,079 nl-non-zeroes
---   540 discrete-columns
***
***   35 Integer +INF Bounds have been reset to 100 (see Option IntVarUp)
***
--- Untitled_1.gms(109) 4 Mb
--- Executing BARON: elapsed 0:00:00.129

GAMS/BARON       26.1.0 rf2b37b9 Released Feb 02, 2019 WEI x86 64bit/MS Window

===========================================================================
 BARON version 18.11.12. Built: WIN-64 Mon Nov 12 22:08:31 EST 2018

 BARON is a product of The Optimization Firm.
 For information on BARON, see https://minlp.com/about-baron

 If you use this software, please cite publications from
 https://minlp.com/baron-publications, such as: 

 Kilinc, M. and N. V. Sahinidis, Exploiting integrality in the global
 optimization of mixed-integer nonlinear programming problems in BARON,
 Optimization Methods and Software, 33, 540-562, 2018.
===========================================================================
 This BARON run may utilize the following subsolver(s)
 For LP/MIP: ILOG CPLEX                                      
 For NLP: MINOS, SNOPT, GAMS external NLP, IPOPT, FILTERSD, FILTERSQP
===========================================================================
 Doing local search
 Solving bounding LP
 Starting multi-start local search
 Done with local search
===========================================================================
  Iteration    Open nodes         Time (s)    Lower bound      Upper bound
*         1             1            10.33      0.00000         5000.00    
          1             1            12.84     833.333          5000.00    
*         4             3            13.23     833.333          2500.00    
*         8             5            14.02     833.333          2166.67    
        405             0            25.47     1958.33          2166.67    

 Cleaning up

                         *** Normal completion ***            

 Wall clock time:                    34.00
 Total CPU time used:                25.48

 Total no. of BaR iterations:     405
 Best solution found at node:     405
 Max. no. of nodes in memory:      51
 
 All done
===========================================================================

Solution      = 2166.66666666667  found at node 405
Best possible = 1958.33333333
Absolute gap  = 208.333333336667  optca = 1E-9
Relative gap  = 0.0961538461553846  optcr = 0.1
  (Note that BARON uses a different formula to compute the relative gap as
   was used for the above reported value.)

--- Restarting execution
--- Untitled_1.gms(109) 2 Mb
--- Reading solution for model spliting
--- Executing after solve: elapsed 0:00:34.934
--- Untitled_1.gms(111) 3 Mb
--- GDX File G:\My Drive\Side Projects\Cutting stock (APA)\Code\Model\Spliting_model_optimal2.gdx
--- Untitled_1.gms(112) 3 Mb
GDX2SQLITE v 0.7
GDX Library      26.1.0 rf2b37b9 Released Feb 02, 2019 WEI x86 64bit/MS Window
Current directory:G:\My Drive\Side Projects\Cutting stock (APA)\Code\Model

   InputFile:Spliting_model_optimal2.gdx
   OutputFile:Spliting_model_optimal2.db
   Symbols:6
   Uels:5
   Loading Uels
   Processing Symbols
     alpha(25 records)
     beta(25 records)
     gamma(15 records)
     o(25 records)
     y(5 records)
     BQ(5 records)
   Inserts:100
   Elapsed:0.34 seconds
   Inserts/second:292.40
   Done

*** Status: Normal completion
--- Job Untitled_1.gms Stop 02/17/13 14:19:42 elapsed 0:00:35.419
